[DEBUG] 2023-10-30 15:57:11.663 [main] ClasspathLoggingApplicationListener - Application started with classpath: [file:/Library/Java/JavaVirtualMachines/jdk1.8.0_202.jdk/Contents/Home/jre/lib/charsets.jar, file:/Library/Java/JavaVirtualMachines/jdk1.8.0_202.jdk/Contents/Home/jre/lib/deploy.jar, file:/Library/Java/JavaVirtualMachines/jdk1.8.0_202.jdk/Contents/Home/jre/lib/ext/cldrdata.jar, file:/Library/Java/JavaVirtualMachines/jdk1.8.0_202.jdk/Contents/Home/jre/lib/ext/dnsns.jar, file:/Library/Java/JavaVirtualMachines/jdk1.8.0_202.jdk/Contents/Home/jre/lib/ext/jaccess.jar, file:/Library/Java/JavaVirtualMachines/jdk1.8.0_202.jdk/Contents/Home/jre/lib/ext/jfxrt.jar, file:/Library/Java/JavaVirtualMachines/jdk1.8.0_202.jdk/Contents/Home/jre/lib/ext/localedata.jar, file:/Library/Java/JavaVirtualMachines/jdk1.8.0_202.jdk/Contents/Home/jre/lib/ext/nashorn.jar, file:/Library/Java/JavaVirtualMachines/jdk1.8.0_202.jdk/Contents/Home/jre/lib/ext/sunec.jar, file:/Library/Java/JavaVirtualMachines/jdk1.8.0_202.jdk/Contents/Home/jre/lib/ext/sunjce_provider.jar, file:/Library/Java/JavaVirtualMachines/jdk1.8.0_202.jdk/Contents/Home/jre/lib/ext/sunpkcs11.jar, file:/Library/Java/JavaVirtualMachines/jdk1.8.0_202.jdk/Contents/Home/jre/lib/ext/zipfs.jar, file:/Library/Java/JavaVirtualMachines/jdk1.8.0_202.jdk/Contents/Home/jre/lib/javaws.jar, file:/Library/Java/JavaVirtualMachines/jdk1.8.0_202.jdk/Contents/Home/jre/lib/jce.jar, file:/Library/Java/JavaVirtualMachines/jdk1.8.0_202.jdk/Contents/Home/jre/lib/jfr.jar, file:/Library/Java/JavaVirtualMachines/jdk1.8.0_202.jdk/Contents/Home/jre/lib/jfxswt.jar, file:/Library/Java/JavaVirtualMachines/jdk1.8.0_202.jdk/Contents/Home/jre/lib/jsse.jar, file:/Library/Java/JavaVirtualMachines/jdk1.8.0_202.jdk/Contents/Home/jre/lib/management-agent.jar, file:/Library/Java/JavaVirtualMachines/jdk1.8.0_202.jdk/Contents/Home/jre/lib/plugin.jar, file:/Library/Java/JavaVirtualMachines/jdk1.8.0_202.jdk/Contents/Home/jre/lib/resources.jar, file:/Library/Java/JavaVirtualMachines/jdk1.8.0_202.jdk/Contents/Home/jre/lib/rt.jar, file:/Volumes/MyDrive/Projects/Java/BasicSpringSecurity/target/classes/, file:/Users/chintu/.m2/repository/org/springframework/boot/spring-boot-starter-security/2.3.1.RELEASE/spring-boot-starter-security-2.3.1.RELEASE.jar, file:/Users/chintu/.m2/repository/org/springframework/spring-aop/5.2.7.RELEASE/spring-aop-5.2.7.RELEASE.jar, file:/Users/chintu/.m2/repository/org/springframework/spring-beans/5.2.7.RELEASE/spring-beans-5.2.7.RELEASE.jar, file:/Users/chintu/.m2/repository/org/springframework/security/spring-security-config/5.3.3.RELEASE/spring-security-config-5.3.3.RELEASE.jar, file:/Users/chintu/.m2/repository/org/springframework/spring-context/5.2.7.RELEASE/spring-context-5.2.7.RELEASE.jar, file:/Users/chintu/.m2/repository/org/springframework/security/spring-security-web/5.3.3.RELEASE/spring-security-web-5.3.3.RELEASE.jar, file:/Users/chintu/.m2/repository/org/springframework/spring-expression/5.2.7.RELEASE/spring-expression-5.2.7.RELEASE.jar, file:/Users/chintu/.m2/repository/org/springframework/boot/spring-boot-starter-web/2.3.1.RELEASE/spring-boot-starter-web-2.3.1.RELEASE.jar, file:/Users/chintu/.m2/repository/org/springframework/boot/spring-boot-starter-json/2.3.1.RELEASE/spring-boot-starter-json-2.3.1.RELEASE.jar, file:/Users/chintu/.m2/repository/com/fasterxml/jackson/core/jackson-databind/2.11.0/jackson-databind-2.11.0.jar, file:/Users/chintu/.m2/repository/com/fasterxml/jackson/core/jackson-annotations/2.11.0/jackson-annotations-2.11.0.jar, file:/Users/chintu/.m2/repository/com/fasterxml/jackson/core/jackson-core/2.11.0/jackson-core-2.11.0.jar, file:/Users/chintu/.m2/repository/com/fasterxml/jackson/datatype/jackson-datatype-jdk8/2.11.0/jackson-datatype-jdk8-2.11.0.jar, file:/Users/chintu/.m2/repository/com/fasterxml/jackson/datatype/jackson-datatype-jsr310/2.11.0/jackson-datatype-jsr310-2.11.0.jar, file:/Users/chintu/.m2/repository/com/fasterxml/jackson/module/jackson-module-parameter-names/2.11.0/jackson-module-parameter-names-2.11.0.jar, file:/Users/chintu/.m2/repository/org/springframework/boot/spring-boot-starter-tomcat/2.3.1.RELEASE/spring-boot-starter-tomcat-2.3.1.RELEASE.jar, file:/Users/chintu/.m2/repository/org/apache/tomcat/embed/tomcat-embed-core/9.0.36/tomcat-embed-core-9.0.36.jar, file:/Users/chintu/.m2/repository/org/glassfish/jakarta.el/3.0.3/jakarta.el-3.0.3.jar, file:/Users/chintu/.m2/repository/org/apache/tomcat/embed/tomcat-embed-websocket/9.0.36/tomcat-embed-websocket-9.0.36.jar, file:/Users/chintu/.m2/repository/org/springframework/spring-web/5.2.7.RELEASE/spring-web-5.2.7.RELEASE.jar, file:/Users/chintu/.m2/repository/org/springframework/spring-webmvc/5.2.7.RELEASE/spring-webmvc-5.2.7.RELEASE.jar, file:/Users/chintu/.m2/repository/org/springframework/boot/spring-boot-starter/2.3.1.RELEASE/spring-boot-starter-2.3.1.RELEASE.jar, file:/Users/chintu/.m2/repository/org/springframework/boot/spring-boot/2.3.1.RELEASE/spring-boot-2.3.1.RELEASE.jar, file:/Users/chintu/.m2/repository/org/springframework/boot/spring-boot-autoconfigure/2.3.1.RELEASE/spring-boot-autoconfigure-2.3.1.RELEASE.jar, file:/Users/chintu/.m2/repository/jakarta/annotation/jakarta.annotation-api/1.3.5/jakarta.annotation-api-1.3.5.jar, file:/Users/chintu/.m2/repository/org/springframework/spring-core/5.2.7.RELEASE/spring-core-5.2.7.RELEASE.jar, file:/Users/chintu/.m2/repository/org/springframework/spring-jcl/5.2.7.RELEASE/spring-jcl-5.2.7.RELEASE.jar, file:/Users/chintu/.m2/repository/org/yaml/snakeyaml/1.26/snakeyaml-1.26.jar, file:/Users/chintu/.m2/repository/org/springframework/boot/spring-boot-starter-log4j2/2.3.1.RELEASE/spring-boot-starter-log4j2-2.3.1.RELEASE.jar, file:/Users/chintu/.m2/repository/org/apache/logging/log4j/log4j-slf4j-impl/2.13.3/log4j-slf4j-impl-2.13.3.jar, file:/Users/chintu/.m2/repository/org/slf4j/slf4j-api/1.7.30/slf4j-api-1.7.30.jar, file:/Users/chintu/.m2/repository/org/apache/logging/log4j/log4j-api/2.13.3/log4j-api-2.13.3.jar, file:/Users/chintu/.m2/repository/org/apache/logging/log4j/log4j-core/2.13.3/log4j-core-2.13.3.jar, file:/Users/chintu/.m2/repository/org/apache/logging/log4j/log4j-jul/2.13.3/log4j-jul-2.13.3.jar, file:/Users/chintu/.m2/repository/org/slf4j/jul-to-slf4j/1.7.30/jul-to-slf4j-1.7.30.jar, file:/Users/chintu/.m2/repository/org/hamcrest/hamcrest/2.2/hamcrest-2.2.jar, file:/Users/chintu/.m2/repository/org/springframework/security/spring-security-core/5.3.3.RELEASE/spring-security-core-5.3.3.RELEASE.jar, file:/Users/chintu/.m2/repository/com/googlecode/json-simple/json-simple/1.1.1/json-simple-1.1.1.jar, file:/Users/chintu/.m2/repository/junit/junit/4.13/junit-4.13.jar, file:/Users/chintu/.m2/repository/org/hamcrest/hamcrest-core/2.2/hamcrest-core-2.2.jar, file:/Applications/IntelliJ%20IDEA%20CE.app/Contents/lib/idea_rt.jar]
[INFO ] 2023-10-30 15:57:11.891 [main] BasicSpringSecurityApplication - Starting BasicSpringSecurityApplication on 192.168.1.102 with PID 6859 (/Volumes/MyDrive/Projects/Java/BasicSpringSecurity/target/classes started by chintu in /Volumes/MyDrive/Projects/Java/BasicSpringSecurity)
[DEBUG] 2023-10-30 15:57:11.894 [main] BasicSpringSecurityApplication - Running with Spring Boot v2.3.1.RELEASE, Spring v5.2.7.RELEASE
[INFO ] 2023-10-30 15:57:11.895 [main] BasicSpringSecurityApplication - No active profile set, falling back to default profiles: default
[DEBUG] 2023-10-30 15:57:11.896 [main] SpringApplication - Loading source class SpringSecurity.BasicSpringSecurityApplication
[DEBUG] 2023-10-30 15:57:11.982 [main] ConfigFileApplicationListener - Loaded config file 'file:/Volumes/MyDrive/Projects/Java/BasicSpringSecurity/target/classes/application.properties' (classpath:/application.properties)
[DEBUG] 2023-10-30 15:57:11.983 [main] AnnotationConfigServletWebServerApplicationContext - Refreshing org.springframework.boot.web.servlet.context.AnnotationConfigServletWebServerApplicationContext@4b0d79fc
[DEBUG] 2023-10-30 15:57:12.005 [main] DefaultListableBeanFactory - Creating shared instance of singleton bean 'org.springframework.context.annotation.internalConfigurationAnnotationProcessor'
[DEBUG] 2023-10-30 15:57:12.016 [main] DefaultListableBeanFactory - Creating shared instance of singleton bean 'org.springframework.boot.autoconfigure.internalCachingMetadataReaderFactory'
[DEBUG] 2023-10-30 15:57:12.107 [main] ClassPathBeanDefinitionScanner - Identified candidate component class: file [/Volumes/MyDrive/Projects/Java/BasicSpringSecurity/target/classes/SpringSecurity/Configure/SecurityConfigure.class]
[DEBUG] 2023-10-30 15:57:12.128 [main] ClassPathBeanDefinitionScanner - Identified candidate component class: file [/Volumes/MyDrive/Projects/Java/BasicSpringSecurity/target/classes/SpringSecurity/controller/StudentController.class]
[DEBUG] 2023-10-30 15:57:12.132 [main] ClassPathBeanDefinitionScanner - Identified candidate component class: file [/Volumes/MyDrive/Projects/Java/BasicSpringSecurity/target/classes/SpringSecurity/service/MyUserDetailsService.class]
[DEBUG] 2023-10-30 15:57:12.132 [main] ClassPathBeanDefinitionScanner - Identified candidate component class: file [/Volumes/MyDrive/Projects/Java/BasicSpringSecurity/target/classes/SpringSecurity/service/StudentService.class]
[DEBUG] 2023-10-30 15:57:13.073 [main] DefaultListableBeanFactory - Creating shared instance of singleton bean 'propertySourcesPlaceholderConfigurer'
[DEBUG] 2023-10-30 15:57:13.086 [main] DefaultListableBeanFactory - Creating shared instance of singleton bean 'org.springframework.boot.context.properties.ConfigurationPropertiesBeanDefinitionValidator'
[DEBUG] 2023-10-30 15:57:13.229 [main] DefaultListableBeanFactory - Creating shared instance of singleton bean 'org.springframework.context.event.internalEventListenerProcessor'
[DEBUG] 2023-10-30 15:57:13.231 [main] DefaultListableBeanFactory - Creating shared instance of singleton bean 'conversionServicePostProcessor'
[DEBUG] 2023-10-30 15:57:13.235 [main] DefaultListableBeanFactory - Creating shared instance of singleton bean 'preserveErrorControllerTargetClassPostProcessor'
[DEBUG] 2023-10-30 15:57:13.241 [main] DefaultListableBeanFactory - Creating shared instance of singleton bean 'org.springframework.context.event.internalEventListenerFactory'
[DEBUG] 2023-10-30 15:57:13.273 [main] DefaultListableBeanFactory - Creating shared instance of singleton bean 'org.springframework.context.annotation.internalAutowiredAnnotationProcessor'
[DEBUG] 2023-10-30 15:57:13.275 [main] DefaultListableBeanFactory - Creating shared instance of singleton bean 'org.springframework.context.annotation.internalCommonAnnotationProcessor'
[DEBUG] 2023-10-30 15:57:13.279 [main] DefaultListableBeanFactory - Creating shared instance of singleton bean 'org.springframework.boot.context.properties.ConfigurationPropertiesBindingPostProcessor'
[DEBUG] 2023-10-30 15:57:13.279 [main] DefaultListableBeanFactory - Creating shared instance of singleton bean 'org.springframework.boot.context.internalConfigurationPropertiesBinder'
[DEBUG] 2023-10-30 15:57:13.279 [main] DefaultListableBeanFactory - Creating shared instance of singleton bean 'org.springframework.boot.context.internalConfigurationPropertiesBinderFactory'
[DEBUG] 2023-10-30 15:57:13.282 [main] DefaultListableBeanFactory - Creating shared instance of singleton bean 'webServerFactoryCustomizerBeanPostProcessor'
[DEBUG] 2023-10-30 15:57:13.292 [main] DefaultListableBeanFactory - Creating shared instance of singleton bean 'errorPageRegistrarBeanPostProcessor'
[DEBUG] 2023-10-30 15:57:13.296 [main] UiApplicationContextUtils - Unable to locate ThemeSource with name 'themeSource': using default [org.springframework.ui.context.support.ResourceBundleThemeSource@38875e7d]
[DEBUG] 2023-10-30 15:57:13.300 [main] DefaultListableBeanFactory - Creating shared instance of singleton bean 'tomcatServletWebServerFactory'
[DEBUG] 2023-10-30 15:57:13.300 [main] DefaultListableBeanFactory - Creating shared instance of singleton bean 'org.springframework.boot.autoconfigure.web.servlet.ServletWebServerFactoryConfiguration$EmbeddedTomcat'
[DEBUG] 2023-10-30 15:57:13.357 [main] DefaultListableBeanFactory - Creating shared instance of singleton bean 'websocketServletWebServerCustomizer'
[DEBUG] 2023-10-30 15:57:13.358 [main] DefaultListableBeanFactory - Creating shared instance of singleton bean 'org.springframework.boot.autoconfigure.websocket.servlet.WebSocketServletAutoConfiguration$TomcatWebSocketConfiguration'
[DEBUG] 2023-10-30 15:57:13.360 [main] DefaultListableBeanFactory - Creating shared instance of singleton bean 'servletWebServerFactoryCustomizer'
[DEBUG] 2023-10-30 15:57:13.360 [main] DefaultListableBeanFactory - Creating shared instance of singleton bean 'org.springframework.boot.autoconfigure.web.servlet.ServletWebServerFactoryAutoConfiguration'
[DEBUG] 2023-10-30 15:57:13.379 [main] DefaultListableBeanFactory - Creating shared instance of singleton bean 'server-org.springframework.boot.autoconfigure.web.ServerProperties'
[DEBUG] 2023-10-30 15:57:13.412 [main] DefaultListableBeanFactory - Creating shared instance of singleton bean 'org.springframework.boot.context.properties.BoundConfigurationProperties'
[DEBUG] 2023-10-30 15:57:13.463 [main] DefaultListableBeanFactory - Autowiring by type from bean name 'servletWebServerFactoryCustomizer' via factory method to bean named 'server-org.springframework.boot.autoconfigure.web.ServerProperties'
[DEBUG] 2023-10-30 15:57:13.466 [main] DefaultListableBeanFactory - Creating shared instance of singleton bean 'tomcatServletWebServerFactoryCustomizer'
[DEBUG] 2023-10-30 15:57:13.472 [main] DefaultListableBeanFactory - Autowiring by type from bean name 'tomcatServletWebServerFactoryCustomizer' via factory method to bean named 'server-org.springframework.boot.autoconfigure.web.ServerProperties'
[DEBUG] 2023-10-30 15:57:13.473 [main] DefaultListableBeanFactory - Creating shared instance of singleton bean 'tomcatWebServerFactoryCustomizer'
[DEBUG] 2023-10-30 15:57:13.473 [main] DefaultListableBeanFactory - Creating shared instance of singleton bean 'org.springframework.boot.autoconfigure.web.embedded.EmbeddedWebServerFactoryCustomizerAutoConfiguration$TomcatWebServerFactoryCustomizerConfiguration'
[DEBUG] 2023-10-30 15:57:13.474 [main] DefaultListableBeanFactory - Autowiring by type from bean name 'tomcatWebServerFactoryCustomizer' via factory method to bean named 'environment'
[DEBUG] 2023-10-30 15:57:13.474 [main] DefaultListableBeanFactory - Autowiring by type from bean name 'tomcatWebServerFactoryCustomizer' via factory method to bean named 'server-org.springframework.boot.autoconfigure.web.ServerProperties'
[DEBUG] 2023-10-30 15:57:13.476 [main] DefaultListableBeanFactory - Creating shared instance of singleton bean 'localeCharsetMappingsCustomizer'
[DEBUG] 2023-10-30 15:57:13.476 [main] DefaultListableBeanFactory - Creating shared instance of singleton bean 'org.springframework.boot.autoconfigure.web.servlet.HttpEncodingAutoConfiguration'
[DEBUG] 2023-10-30 15:57:13.482 [main] DefaultListableBeanFactory - Autowiring by type from bean name 'org.springframework.boot.autoconfigure.web.servlet.HttpEncodingAutoConfiguration' via constructor to bean named 'server-org.springframework.boot.autoconfigure.web.ServerProperties'
[DEBUG] 2023-10-30 15:57:13.565 [main] DefaultListableBeanFactory - Creating shared instance of singleton bean 'errorPageCustomizer'
[DEBUG] 2023-10-30 15:57:13.567 [main] DefaultListableBeanFactory - Creating shared instance of singleton bean 'org.springframework.boot.autoconfigure.web.servlet.error.ErrorMvcAutoConfiguration'
[DEBUG] 2023-10-30 15:57:13.570 [main] DefaultListableBeanFactory - Autowiring by type from bean name 'org.springframework.boot.autoconfigure.web.servlet.error.ErrorMvcAutoConfiguration' via constructor to bean named 'server-org.springframework.boot.autoconfigure.web.ServerProperties'
[DEBUG] 2023-10-30 15:57:13.574 [main] DefaultListableBeanFactory - Creating shared instance of singleton bean 'dispatcherServletRegistration'
[DEBUG] 2023-10-30 15:57:13.574 [main] DefaultListableBeanFactory - Creating shared instance of singleton bean 'org.springframework.boot.autoconfigure.web.servlet.DispatcherServletAutoConfiguration$DispatcherServletRegistrationConfiguration'
[DEBUG] 2023-10-30 15:57:13.577 [main] DefaultListableBeanFactory - Creating shared instance of singleton bean 'dispatcherServlet'
[DEBUG] 2023-10-30 15:57:13.578 [main] DefaultListableBeanFactory - Creating shared instance of singleton bean 'org.springframework.boot.autoconfigure.web.servlet.DispatcherServletAutoConfiguration$DispatcherServletConfiguration'
[DEBUG] 2023-10-30 15:57:13.580 [main] DefaultListableBeanFactory - Creating shared instance of singleton bean 'spring.mvc-org.springframework.boot.autoconfigure.web.servlet.WebMvcProperties'
[DEBUG] 2023-10-30 15:57:13.609 [main] DefaultListableBeanFactory - Autowiring by type from bean name 'dispatcherServlet' via factory method to bean named 'spring.mvc-org.springframework.boot.autoconfigure.web.servlet.WebMvcProperties'
[DEBUG] 2023-10-30 15:57:13.636 [main] DefaultListableBeanFactory - Autowiring by type from bean name 'dispatcherServletRegistration' via factory method to bean named 'dispatcherServlet'
[DEBUG] 2023-10-30 15:57:13.637 [main] DefaultListableBeanFactory - Autowiring by type from bean name 'dispatcherServletRegistration' via factory method to bean named 'spring.mvc-org.springframework.boot.autoconfigure.web.servlet.WebMvcProperties'
[DEBUG] 2023-10-30 15:57:13.639 [main] DefaultListableBeanFactory - Creating shared instance of singleton bean 'multipartConfigElement'
[DEBUG] 2023-10-30 15:57:13.639 [main] DefaultListableBeanFactory - Creating shared instance of singleton bean 'org.springframework.boot.autoconfigure.web.servlet.MultipartAutoConfiguration'
[DEBUG] 2023-10-30 15:57:13.642 [main] DefaultListableBeanFactory - Creating shared instance of singleton bean 'spring.servlet.multipart-org.springframework.boot.autoconfigure.web.servlet.MultipartProperties'
[DEBUG] 2023-10-30 15:57:13.661 [main] DefaultListableBeanFactory - Autowiring by type from bean name 'org.springframework.boot.autoconfigure.web.servlet.MultipartAutoConfiguration' via constructor to bean named 'spring.servlet.multipart-org.springframework.boot.autoconfigure.web.servlet.MultipartProperties'
[DEBUG] 2023-10-30 15:57:13.669 [main] DefaultListableBeanFactory - Autowiring by type from bean name 'errorPageCustomizer' via factory method to bean named 'dispatcherServletRegistration'
[DEBUG] 2023-10-30 15:57:13.760 [main] TomcatServletWebServerFactory - Code archive: /Users/chintu/.m2/repository/org/springframework/boot/spring-boot/2.3.1.RELEASE/spring-boot-2.3.1.RELEASE.jar
[DEBUG] 2023-10-30 15:57:13.760 [main] TomcatServletWebServerFactory - Code archive: /Users/chintu/.m2/repository/org/springframework/boot/spring-boot/2.3.1.RELEASE/spring-boot-2.3.1.RELEASE.jar
[DEBUG] 2023-10-30 15:57:13.761 [main] TomcatServletWebServerFactory - None of the document roots [src/main/webapp, public, static] point to a directory and will be ignored.
[INFO ] 2023-10-30 15:57:13.794 [main] TomcatWebServer - Tomcat initialized with port(s): 8080 (http)
[INFO ] 2023-10-30 15:57:13.825 [main] Http11NioProtocol - Initializing ProtocolHandler ["http-nio-8080"]
[INFO ] 2023-10-30 15:57:13.826 [main] StandardService - Starting service [Tomcat]
[INFO ] 2023-10-30 15:57:13.826 [main] StandardEngine - Starting Servlet engine: [Apache Tomcat/9.0.36]
[INFO ] 2023-10-30 15:57:13.937 [main] [/] - Initializing Spring embedded WebApplicationContext
[DEBUG] 2023-10-30 15:57:13.937 [main] ServletWebServerApplicationContext - Published root WebApplicationContext as ServletContext attribute with name [org.springframework.web.context.WebApplicationContext.ROOT]
[INFO ] 2023-10-30 15:57:13.938 [main] ServletWebServerApplicationContext - Root WebApplicationContext: initialization completed in 1955 ms
[DEBUG] 2023-10-30 15:57:13.945 [main] DefaultListableBeanFactory - Creating shared instance of singleton bean 'securityFilterChainRegistration'
[DEBUG] 2023-10-30 15:57:13.945 [main] DefaultListableBeanFactory - Creating shared instance of singleton bean 'org.springframework.boot.autoconfigure.security.servlet.SecurityFilterAutoConfiguration'
[DEBUG] 2023-10-30 15:57:13.951 [main] DefaultListableBeanFactory - Creating shared instance of singleton bean 'spring.security-org.springframework.boot.autoconfigure.security.SecurityProperties'
[DEBUG] 2023-10-30 15:57:13.962 [main] DefaultListableBeanFactory - Autowiring by type from bean name 'securityFilterChainRegistration' via factory method to bean named 'spring.security-org.springframework.boot.autoconfigure.security.SecurityProperties'
[DEBUG] 2023-10-30 15:57:13.975 [main] DefaultListableBeanFactory - Creating shared instance of singleton bean 'requestContextFilter'
[DEBUG] 2023-10-30 15:57:13.980 [main] DefaultListableBeanFactory - Creating shared instance of singleton bean 'formContentFilter'
[DEBUG] 2023-10-30 15:57:13.980 [main] DefaultListableBeanFactory - Creating shared instance of singleton bean 'org.springframework.boot.autoconfigure.web.servlet.WebMvcAutoConfiguration'
[DEBUG] 2023-10-30 15:57:13.985 [main] DefaultListableBeanFactory - Creating shared instance of singleton bean 'characterEncodingFilter'
[DEBUG] 2023-10-30 15:57:14.002 [main] ServletContextInitializerBeans - Mapping filters: springSecurityFilterChain urls=[/*] order=-100, characterEncodingFilter urls=[/*] order=-2147483648, formContentFilter urls=[/*] order=-9900, requestContextFilter urls=[/*] order=-105
[DEBUG] 2023-10-30 15:57:14.002 [main] ServletContextInitializerBeans - Mapping servlets: dispatcherServlet urls=[/]
[DEBUG] 2023-10-30 15:57:14.047 [main] OrderedRequestContextFilter - Filter 'requestContextFilter' configured for use
[DEBUG] 2023-10-30 15:57:14.048 [main] OrderedCharacterEncodingFilter - Filter 'characterEncodingFilter' configured for use
[DEBUG] 2023-10-30 15:57:14.050 [main] DelegatingFilterProxyRegistrationBean$1 - Filter 'springSecurityFilterChain' configured for use
[DEBUG] 2023-10-30 15:57:14.051 [main] OrderedFormContentFilter - Filter 'formContentFilter' configured for use
[DEBUG] 2023-10-30 15:57:14.084 [main] DefaultListableBeanFactory - Creating shared instance of singleton bean 'basicSpringSecurityApplication'
[DEBUG] 2023-10-30 15:57:14.090 [main] DefaultListableBeanFactory - Creating shared instance of singleton bean 'securityConfigure'
[DEBUG] 2023-10-30 15:57:14.118 [main] DefaultListableBeanFactory - Creating shared instance of singleton bean 'mvcContentNegotiationManager'
[DEBUG] 2023-10-30 15:57:14.118 [main] DefaultListableBeanFactory - Creating shared instance of singleton bean 'org.springframework.boot.autoconfigure.web.servlet.WebMvcAutoConfiguration$EnableWebMvcConfiguration'
[DEBUG] 2023-10-30 15:57:14.120 [main] DefaultListableBeanFactory - Creating shared instance of singleton bean 'spring.resources-org.springframework.boot.autoconfigure.web.ResourceProperties'
[DEBUG] 2023-10-30 15:57:14.128 [main] DefaultListableBeanFactory - Autowiring by type from bean name 'org.springframework.boot.autoconfigure.web.servlet.WebMvcAutoConfiguration$EnableWebMvcConfiguration' via constructor to bean named 'spring.resources-org.springframework.boot.autoconfigure.web.ResourceProperties'
[DEBUG] 2023-10-30 15:57:14.128 [main] DefaultListableBeanFactory - Autowiring by type from bean name 'org.springframework.boot.autoconfigure.web.servlet.WebMvcAutoConfiguration$EnableWebMvcConfiguration' via constructor to bean named 'org.springframework.beans.factory.support.DefaultListableBeanFactory@59e2d8e3'
[DEBUG] 2023-10-30 15:57:14.144 [main] DefaultListableBeanFactory - Creating shared instance of singleton bean 'org.springframework.security.config.annotation.web.configuration.WebMvcSecurityConfiguration'
[DEBUG] 2023-10-30 15:57:14.146 [main] DefaultListableBeanFactory - Creating shared instance of singleton bean 'org.springframework.boot.autoconfigure.web.servlet.WebMvcAutoConfiguration$WebMvcAutoConfigurationAdapter'
[DEBUG] 2023-10-30 15:57:14.149 [main] DefaultListableBeanFactory - Autowiring by type from bean name 'org.springframework.boot.autoconfigure.web.servlet.WebMvcAutoConfiguration$WebMvcAutoConfigurationAdapter' via constructor to bean named 'spring.resources-org.springframework.boot.autoconfigure.web.ResourceProperties'
[DEBUG] 2023-10-30 15:57:14.149 [main] DefaultListableBeanFactory - Autowiring by type from bean name 'org.springframework.boot.autoconfigure.web.servlet.WebMvcAutoConfiguration$WebMvcAutoConfigurationAdapter' via constructor to bean named 'spring.mvc-org.springframework.boot.autoconfigure.web.servlet.WebMvcProperties'
[DEBUG] 2023-10-30 15:57:14.149 [main] DefaultListableBeanFactory - Autowiring by type from bean name 'org.springframework.boot.autoconfigure.web.servlet.WebMvcAutoConfiguration$WebMvcAutoConfigurationAdapter' via constructor to bean named 'org.springframework.beans.factory.support.DefaultListableBeanFactory@59e2d8e3'
[DEBUG] 2023-10-30 15:57:14.163 [main] DefaultListableBeanFactory - Creating shared instance of singleton bean 'org.springframework.security.config.annotation.authentication.configuration.AuthenticationConfiguration'
[DEBUG] 2023-10-30 15:57:14.167 [main] DefaultListableBeanFactory - Creating shared instance of singleton bean 'enableGlobalAuthenticationAutowiredConfigurer'
[DEBUG] 2023-10-30 15:57:14.174 [main] DefaultListableBeanFactory - Autowiring by type from bean name 'enableGlobalAuthenticationAutowiredConfigurer' via factory method to bean named 'org.springframework.boot.web.servlet.context.AnnotationConfigServletWebServerApplicationContext@4b0d79fc'
[DEBUG] 2023-10-30 15:57:14.177 [main] DefaultListableBeanFactory - Creating shared instance of singleton bean 'initializeUserDetailsBeanManagerConfigurer'
[DEBUG] 2023-10-30 15:57:14.177 [main] DefaultListableBeanFactory - Autowiring by type from bean name 'initializeUserDetailsBeanManagerConfigurer' via factory method to bean named 'org.springframework.boot.web.servlet.context.AnnotationConfigServletWebServerApplicationContext@4b0d79fc'
[DEBUG] 2023-10-30 15:57:14.177 [main] DefaultListableBeanFactory - Creating shared instance of singleton bean 'initializeAuthenticationProviderBeanManagerConfigurer'
[DEBUG] 2023-10-30 15:57:14.177 [main] DefaultListableBeanFactory - Autowiring by type from bean name 'initializeAuthenticationProviderBeanManagerConfigurer' via factory method to bean named 'org.springframework.boot.web.servlet.context.AnnotationConfigServletWebServerApplicationContext@4b0d79fc'
[DEBUG] 2023-10-30 15:57:14.182 [main] DefaultListableBeanFactory - Creating shared instance of singleton bean 'objectPostProcessor'
[DEBUG] 2023-10-30 15:57:14.183 [main] DefaultListableBeanFactory - Creating shared instance of singleton bean 'org.springframework.security.config.annotation.configuration.ObjectPostProcessorConfiguration'
[DEBUG] 2023-10-30 15:57:14.189 [main] DefaultListableBeanFactory - Autowiring by type from bean name 'objectPostProcessor' via factory method to bean named 'org.springframework.beans.factory.support.DefaultListableBeanFactory@59e2d8e3'
[DEBUG] 2023-10-30 15:57:14.206 [main] DefaultListableBeanFactory - Creating shared instance of singleton bean 'myUserDetailsService'
[DEBUG] 2023-10-30 15:57:14.209 [main] DefaultListableBeanFactory - Creating shared instance of singleton bean 'studentController'
[DEBUG] 2023-10-30 15:57:14.217 [main] DefaultListableBeanFactory - Creating shared instance of singleton bean 'studentService'
[DEBUG] 2023-10-30 15:57:14.218 [main] DefaultListableBeanFactory - Creating shared instance of singleton bean 'authenticationManagerBuilder'
[DEBUG] 2023-10-30 15:57:14.219 [main] DefaultListableBeanFactory - Autowiring by type from bean name 'authenticationManagerBuilder' via factory method to bean named 'objectPostProcessor'
[DEBUG] 2023-10-30 15:57:14.219 [main] DefaultListableBeanFactory - Autowiring by type from bean name 'authenticationManagerBuilder' via factory method to bean named 'org.springframework.boot.web.servlet.context.AnnotationConfigServletWebServerApplicationContext@4b0d79fc'
[DEBUG] 2023-10-30 15:57:14.221 [main] DefaultListableBeanFactory - Creating shared instance of singleton bean 'authenticationEventPublisher'
[DEBUG] 2023-10-30 15:57:14.221 [main] DefaultListableBeanFactory - Creating shared instance of singleton bean 'org.springframework.boot.autoconfigure.security.servlet.SecurityAutoConfiguration'
[DEBUG] 2023-10-30 15:57:14.222 [main] DefaultListableBeanFactory - Autowiring by type from bean name 'authenticationEventPublisher' via factory method to bean named 'org.springframework.boot.web.servlet.context.AnnotationConfigServletWebServerApplicationContext@4b0d79fc'
[DEBUG] 2023-10-30 15:57:14.229 [main] DefaultListableBeanFactory - Creating shared instance of singleton bean 'org.springframework.security.config.annotation.web.configuration.WebSecurityConfiguration'
[DEBUG] 2023-10-30 15:57:14.254 [main] DefaultListableBeanFactory - Creating shared instance of singleton bean 'autowiredWebSecurityConfigurersIgnoreParents'
[DEBUG] 2023-10-30 15:57:14.257 [main] DefaultListableBeanFactory - Autowiring by type from bean name 'autowiredWebSecurityConfigurersIgnoreParents' via factory method to bean named 'org.springframework.beans.factory.support.DefaultListableBeanFactory@59e2d8e3'
[DEBUG] 2023-10-30 15:57:14.273 [main] DefaultListableBeanFactory - Creating shared instance of singleton bean 'delegatingApplicationListener'
[DEBUG] 2023-10-30 15:57:14.274 [main] DefaultListableBeanFactory - Creating shared instance of singleton bean 'springSecurityFilterChain'
[DEBUG] 2023-10-30 15:57:14.288 [main] AuthenticationConfiguration$EnableGlobalAuthenticationAutowiredConfigurer - Eagerly initializing {securityConfigure=SpringSecurity.Configure.SecurityConfigure$$EnhancerBySpringCGLIB$$3b0dbbb2@2c16fadb}
[DEBUG] 2023-10-30 15:57:14.289 [main] DefaultListableBeanFactory - Creating shared instance of singleton bean 'passwordEncoder'
[DEBUG] 2023-10-30 15:57:14.351 [main] WebSecurityConfigurerAdapter - Using default configure(HttpSecurity). If subclassed this will potentially override subclass configure(HttpSecurity).
[DEBUG] 2023-10-30 15:57:14.395 [main] ExpressionBasedFilterInvocationSecurityMetadataSource - Adding web access control expression 'authenticated', for any request
[DEBUG] 2023-10-30 15:57:14.401 [main] FilterSecurityInterceptor - Validated configuration attributes
[DEBUG] 2023-10-30 15:57:14.405 [main] FilterSecurityInterceptor - Validated configuration attributes
[INFO ] 2023-10-30 15:57:14.412 [main] DefaultSecurityFilterChain - Creating filter chain: any request, [org.springframework.security.web.context.request.async.WebAsyncManagerIntegrationFilter@640dc4c6, org.springframework.security.web.context.SecurityContextPersistenceFilter@b18c4, org.springframework.security.web.header.HeaderWriterFilter@108bdbd8, org.springframework.security.web.csrf.CsrfFilter@7c3ebc6b, org.springframework.security.web.authentication.logout.LogoutFilter@33cbfa57, org.springframework.security.web.authentication.UsernamePasswordAuthenticationFilter@36dfbdaf, org.springframework.security.web.authentication.ui.DefaultLoginPageGeneratingFilter@54aca26f, org.springframework.security.web.authentication.ui.DefaultLogoutPageGeneratingFilter@4b54af3d, org.springframework.security.web.authentication.www.BasicAuthenticationFilter@10667848, org.springframework.security.web.savedrequest.RequestCacheAwareFilter@597f48df, org.springframework.security.web.servletapi.SecurityContextHolderAwareRequestFilter@9d1a267, org.springframework.security.web.authentication.AnonymousAuthenticationFilter@7bb35cc6, org.springframework.security.web.session.SessionManagementFilter@4f8b4bd0, org.springframework.security.web.access.ExceptionTranslationFilter@e344ad3, org.springframework.security.web.access.intercept.FilterSecurityInterceptor@971e903]
[DEBUG] 2023-10-30 15:57:14.418 [main] DefaultListableBeanFactory - Creating shared instance of singleton bean 'webSecurityExpressionHandler'
[DEBUG] 2023-10-30 15:57:14.420 [main] DefaultListableBeanFactory - Creating shared instance of singleton bean 'privilegeEvaluator'
[DEBUG] 2023-10-30 15:57:14.421 [main] DefaultListableBeanFactory - Creating shared instance of singleton bean 'requestDataValueProcessor'
[DEBUG] 2023-10-30 15:57:14.423 [main] DefaultListableBeanFactory - Creating shared instance of singleton bean 'org.springframework.boot.autoconfigure.AutoConfigurationPackages'
[DEBUG] 2023-10-30 15:57:14.434 [main] DefaultListableBeanFactory - Creating shared instance of singleton bean 'org.springframework.boot.autoconfigure.context.PropertyPlaceholderAutoConfiguration'
[DEBUG] 2023-10-30 15:57:14.436 [main] DefaultListableBeanFactory - Creating shared instance of singleton bean 'org.springframework.boot.autoconfigure.websocket.servlet.WebSocketServletAutoConfiguration'
[DEBUG] 2023-10-30 15:57:14.436 [main] DefaultListableBeanFactory - Creating shared instance of singleton bean 'org.springframework.boot.context.properties.ConfigurationBeanFactoryMetadata'
[DEBUG] 2023-10-30 15:57:14.437 [main] DefaultListableBeanFactory - Creating shared instance of singleton bean 'org.springframework.boot.autoconfigure.web.servlet.DispatcherServletAutoConfiguration'
[DEBUG] 2023-10-30 15:57:14.437 [main] DefaultListableBeanFactory - Creating shared instance of singleton bean 'org.springframework.boot.autoconfigure.task.TaskExecutionAutoConfiguration'
[DEBUG] 2023-10-30 15:57:14.437 [main] DefaultListableBeanFactory - Creating shared instance of singleton bean 'taskExecutorBuilder'
[DEBUG] 2023-10-30 15:57:14.443 [main] DefaultListableBeanFactory - Creating shared instance of singleton bean 'spring.task.execution-org.springframework.boot.autoconfigure.task.TaskExecutionProperties'
[DEBUG] 2023-10-30 15:57:14.452 [main] DefaultListableBeanFactory - Autowiring by type from bean name 'taskExecutorBuilder' via factory method to bean named 'spring.task.execution-org.springframework.boot.autoconfigure.task.TaskExecutionProperties'
[DEBUG] 2023-10-30 15:57:14.455 [main] DefaultListableBeanFactory - Creating shared instance of singleton bean 'org.springframework.boot.autoconfigure.web.servlet.error.ErrorMvcAutoConfiguration$WhitelabelErrorViewConfiguration'
[DEBUG] 2023-10-30 15:57:14.455 [main] DefaultListableBeanFactory - Creating shared instance of singleton bean 'error'
[DEBUG] 2023-10-30 15:57:14.457 [main] DefaultListableBeanFactory - Creating shared instance of singleton bean 'beanNameViewResolver'
[DEBUG] 2023-10-30 15:57:14.458 [main] DefaultListableBeanFactory - Creating shared instance of singleton bean 'org.springframework.boot.autoconfigure.web.servlet.error.ErrorMvcAutoConfiguration$DefaultErrorViewResolverConfiguration'
[DEBUG] 2023-10-30 15:57:14.459 [main] DefaultListableBeanFactory - Autowiring by type from bean name 'org.springframework.boot.autoconfigure.web.servlet.error.ErrorMvcAutoConfiguration$DefaultErrorViewResolverConfiguration' via constructor to bean named 'org.springframework.boot.web.servlet.context.AnnotationConfigServletWebServerApplicationContext@4b0d79fc'
[DEBUG] 2023-10-30 15:57:14.459 [main] DefaultListableBeanFactory - Autowiring by type from bean name 'org.springframework.boot.autoconfigure.web.servlet.error.ErrorMvcAutoConfiguration$DefaultErrorViewResolverConfiguration' via constructor to bean named 'spring.resources-org.springframework.boot.autoconfigure.web.ResourceProperties'
[DEBUG] 2023-10-30 15:57:14.460 [main] DefaultListableBeanFactory - Creating shared instance of singleton bean 'conventionErrorViewResolver'
[DEBUG] 2023-10-30 15:57:14.462 [main] DefaultListableBeanFactory - Creating shared instance of singleton bean 'errorAttributes'
[DEBUG] 2023-10-30 15:57:14.467 [main] DefaultListableBeanFactory - Creating shared instance of singleton bean 'basicErrorController'
[DEBUG] 2023-10-30 15:57:14.469 [main] DefaultListableBeanFactory - Autowiring by type from bean name 'basicErrorController' via factory method to bean named 'errorAttributes'
[DEBUG] 2023-10-30 15:57:14.479 [main] DefaultListableBeanFactory - Creating shared instance of singleton bean 'requestMappingHandlerAdapter'
[DEBUG] 2023-10-30 15:57:14.484 [main] DefaultListableBeanFactory - Creating shared instance of singleton bean 'mvcConversionService'
[DEBUG] 2023-10-30 15:57:14.495 [main] DefaultListableBeanFactory - Creating shared instance of singleton bean 'mvcValidator'
[DEBUG] 2023-10-30 15:57:14.501 [main] DefaultListableBeanFactory - Autowiring by type from bean name 'requestMappingHandlerAdapter' via factory method to bean named 'mvcContentNegotiationManager'
[DEBUG] 2023-10-30 15:57:14.501 [main] DefaultListableBeanFactory - Autowiring by type from bean name 'requestMappingHandlerAdapter' via factory method to bean named 'mvcConversionService'
[DEBUG] 2023-10-30 15:57:14.501 [main] DefaultListableBeanFactory - Autowiring by type from bean name 'requestMappingHandlerAdapter' via factory method to bean named 'mvcValidator'
[DEBUG] 2023-10-30 15:57:14.505 [main] DefaultListableBeanFactory - Autowiring by type from bean name 'requestMappingHandlerAdapter' via factory method to bean named 'mvcContentNegotiationManager'
[DEBUG] 2023-10-30 15:57:14.505 [main] DefaultListableBeanFactory - Autowiring by type from bean name 'requestMappingHandlerAdapter' via factory method to bean named 'mvcConversionService'
[DEBUG] 2023-10-30 15:57:14.505 [main] DefaultListableBeanFactory - Autowiring by type from bean name 'requestMappingHandlerAdapter' via factory method to bean named 'mvcValidator'
[DEBUG] 2023-10-30 15:57:14.512 [main] DefaultListableBeanFactory - Creating shared instance of singleton bean 'messageConverters'
[DEBUG] 2023-10-30 15:57:14.512 [main] DefaultListableBeanFactory - Creating shared instance of singleton bean 'org.springframework.boot.autoconfigure.http.HttpMessageConvertersAutoConfiguration'
[DEBUG] 2023-10-30 15:57:14.521 [main] DefaultListableBeanFactory - Creating shared instance of singleton bean 'stringHttpMessageConverter'
[DEBUG] 2023-10-30 15:57:14.522 [main] DefaultListableBeanFactory - Creating shared instance of singleton bean 'org.springframework.boot.autoconfigure.http.HttpMessageConvertersAutoConfiguration$StringHttpMessageConverterConfiguration'
[DEBUG] 2023-10-30 15:57:14.523 [main] DefaultListableBeanFactory - Autowiring by type from bean name 'stringHttpMessageConverter' via factory method to bean named 'environment'
[DEBUG] 2023-10-30 15:57:14.537 [main] DefaultListableBeanFactory - Creating shared instance of singleton bean 'mappingJackson2HttpMessageConverter'
[DEBUG] 2023-10-30 15:57:14.538 [main] DefaultListableBeanFactory - Creating shared instance of singleton bean 'org.springframework.boot.autoconfigure.http.JacksonHttpMessageConvertersConfiguration$MappingJackson2HttpMessageConverterConfiguration'
[DEBUG] 2023-10-30 15:57:14.539 [main] DefaultListableBeanFactory - Creating shared instance of singleton bean 'jacksonObjectMapper'
[DEBUG] 2023-10-30 15:57:14.540 [main] DefaultListableBeanFactory - Creating shared instance of singleton bean 'org.springframework.boot.autoconfigure.jackson.JacksonAutoConfiguration$JacksonObjectMapperConfiguration'
[DEBUG] 2023-10-30 15:57:14.542 [main] DefaultListableBeanFactory - Creating shared instance of singleton bean 'org.springframework.boot.autoconfigure.jackson.JacksonAutoConfiguration$JacksonObjectMapperBuilderConfiguration'
[DEBUG] 2023-10-30 15:57:14.549 [main] DefaultListableBeanFactory - Creating shared instance of singleton bean 'standardJacksonObjectMapperBuilderCustomizer'
[DEBUG] 2023-10-30 15:57:14.551 [main] DefaultListableBeanFactory - Creating shared instance of singleton bean 'org.springframework.boot.autoconfigure.jackson.JacksonAutoConfiguration$Jackson2ObjectMapperBuilderCustomizerConfiguration'
[DEBUG] 2023-10-30 15:57:14.553 [main] DefaultListableBeanFactory - Creating shared instance of singleton bean 'spring.jackson-org.springframework.boot.autoconfigure.jackson.JacksonProperties'
[DEBUG] 2023-10-30 15:57:14.560 [main] DefaultListableBeanFactory - Autowiring by type from bean name 'standardJacksonObjectMapperBuilderCustomizer' via factory method to bean named 'org.springframework.boot.web.servlet.context.AnnotationConfigServletWebServerApplicationContext@4b0d79fc'
[DEBUG] 2023-10-30 15:57:14.560 [main] DefaultListableBeanFactory - Autowiring by type from bean name 'standardJacksonObjectMapperBuilderCustomizer' via factory method to bean named 'spring.jackson-org.springframework.boot.autoconfigure.jackson.JacksonProperties'
[DEBUG] 2023-10-30 15:57:14.561 [main] DefaultListableBeanFactory - Autowiring by type from bean name 'jacksonObjectMapperBuilder' via factory method to bean named 'org.springframework.boot.web.servlet.context.AnnotationConfigServletWebServerApplicationContext@4b0d79fc'
[DEBUG] 2023-10-30 15:57:14.561 [main] DefaultListableBeanFactory - Autowiring by type from bean name 'jacksonObjectMapperBuilder' via factory method to bean named 'standardJacksonObjectMapperBuilderCustomizer'
[DEBUG] 2023-10-30 15:57:14.563 [main] DefaultListableBeanFactory - Creating shared instance of singleton bean 'parameterNamesModule'
[DEBUG] 2023-10-30 15:57:14.563 [main] DefaultListableBeanFactory - Creating shared instance of singleton bean 'org.springframework.boot.autoconfigure.jackson.JacksonAutoConfiguration$ParameterNamesModuleConfiguration'
[DEBUG] 2023-10-30 15:57:14.566 [main] DefaultListableBeanFactory - Creating shared instance of singleton bean 'jsonComponentModule'
[DEBUG] 2023-10-30 15:57:14.567 [main] DefaultListableBeanFactory - Creating shared instance of singleton bean 'org.springframework.boot.autoconfigure.jackson.JacksonAutoConfiguration'
[DEBUG] 2023-10-30 15:57:14.576 [main] DefaultListableBeanFactory - Autowiring by type from bean name 'jacksonObjectMapper' via factory method to bean named 'jacksonObjectMapperBuilder'
[DEBUG] 2023-10-30 15:57:14.593 [main] DefaultListableBeanFactory - Autowiring by type from bean name 'mappingJackson2HttpMessageConverter' via factory method to bean named 'jacksonObjectMapper'
[DEBUG] 2023-10-30 15:57:14.607 [main] DefaultListableBeanFactory - Creating shared instance of singleton bean 'applicationTaskExecutor'
[DEBUG] 2023-10-30 15:57:14.610 [main] DefaultListableBeanFactory - Autowiring by type from bean name 'applicationTaskExecutor' via factory method to bean named 'taskExecutorBuilder'
[INFO ] 2023-10-30 15:57:14.618 [main] ThreadPoolTaskExecutor - Initializing ExecutorService 'applicationTaskExecutor'
[DEBUG] 2023-10-30 15:57:14.757 [main] RequestMappingHandlerAdapter - ControllerAdvice beans: 0 @ModelAttribute, 0 @InitBinder, 1 RequestBodyAdvice, 1 ResponseBodyAdvice
[DEBUG] 2023-10-30 15:57:14.832 [main] DefaultListableBeanFactory - Creating shared instance of singleton bean 'requestMappingHandlerMapping'
[DEBUG] 2023-10-30 15:57:14.853 [main] DefaultListableBeanFactory - Creating shared instance of singleton bean 'mvcResourceUrlProvider'
[DEBUG] 2023-10-30 15:57:14.874 [main] DefaultListableBeanFactory - Autowiring by type from bean name 'requestMappingHandlerMapping' via factory method to bean named 'mvcContentNegotiationManager'
[DEBUG] 2023-10-30 15:57:14.875 [main] DefaultListableBeanFactory - Autowiring by type from bean name 'requestMappingHandlerMapping' via factory method to bean named 'mvcConversionService'
[DEBUG] 2023-10-30 15:57:14.875 [main] DefaultListableBeanFactory - Autowiring by type from bean name 'requestMappingHandlerMapping' via factory method to bean named 'mvcResourceUrlProvider'
[DEBUG] 2023-10-30 15:57:14.877 [main] DefaultListableBeanFactory - Autowiring by type from bean name 'requestMappingHandlerMapping' via factory method to bean named 'mvcContentNegotiationManager'
[DEBUG] 2023-10-30 15:57:14.878 [main] DefaultListableBeanFactory - Autowiring by type from bean name 'requestMappingHandlerMapping' via factory method to bean named 'mvcConversionService'
[DEBUG] 2023-10-30 15:57:14.878 [main] DefaultListableBeanFactory - Autowiring by type from bean name 'requestMappingHandlerMapping' via factory method to bean named 'mvcResourceUrlProvider'
[DEBUG] 2023-10-30 15:57:14.961 [main] RequestMappingHandlerMapping - 7 mappings in 'requestMappingHandlerMapping'
[DEBUG] 2023-10-30 15:57:14.964 [main] DefaultListableBeanFactory - Creating shared instance of singleton bean 'welcomePageHandlerMapping'
[DEBUG] 2023-10-30 15:57:14.966 [main] DefaultListableBeanFactory - Autowiring by type from bean name 'welcomePageHandlerMapping' via factory method to bean named 'org.springframework.boot.web.servlet.context.AnnotationConfigServletWebServerApplicationContext@4b0d79fc'
[DEBUG] 2023-10-30 15:57:14.966 [main] DefaultListableBeanFactory - Autowiring by type from bean name 'welcomePageHandlerMapping' via factory method to bean named 'mvcConversionService'
[DEBUG] 2023-10-30 15:57:14.966 [main] DefaultListableBeanFactory - Autowiring by type from bean name 'welcomePageHandlerMapping' via factory method to bean named 'mvcResourceUrlProvider'
[DEBUG] 2023-10-30 15:57:14.980 [main] DefaultListableBeanFactory - Creating shared instance of singleton bean 'mvcPathMatcher'
[DEBUG] 2023-10-30 15:57:14.981 [main] DefaultListableBeanFactory - Creating shared instance of singleton bean 'mvcUrlPathHelper'
[DEBUG] 2023-10-30 15:57:14.982 [main] DefaultListableBeanFactory - Creating shared instance of singleton bean 'viewControllerHandlerMapping'
[DEBUG] 2023-10-30 15:57:14.986 [main] DefaultListableBeanFactory - Autowiring by type from bean name 'viewControllerHandlerMapping' via factory method to bean named 'mvcPathMatcher'
[DEBUG] 2023-10-30 15:57:14.986 [main] DefaultListableBeanFactory - Autowiring by type from bean name 'viewControllerHandlerMapping' via factory method to bean named 'mvcUrlPathHelper'
[DEBUG] 2023-10-30 15:57:14.986 [main] DefaultListableBeanFactory - Autowiring by type from bean name 'viewControllerHandlerMapping' via factory method to bean named 'mvcConversionService'
[DEBUG] 2023-10-30 15:57:14.986 [main] DefaultListableBeanFactory - Autowiring by type from bean name 'viewControllerHandlerMapping' via factory method to bean named 'mvcResourceUrlProvider'
[DEBUG] 2023-10-30 15:57:14.986 [main] DefaultListableBeanFactory - Creating shared instance of singleton bean 'beanNameHandlerMapping'
[DEBUG] 2023-10-30 15:57:14.987 [main] DefaultListableBeanFactory - Autowiring by type from bean name 'beanNameHandlerMapping' via factory method to bean named 'mvcConversionService'
[DEBUG] 2023-10-30 15:57:14.987 [main] DefaultListableBeanFactory - Autowiring by type from bean name 'beanNameHandlerMapping' via factory method to bean named 'mvcResourceUrlProvider'
[DEBUG] 2023-10-30 15:57:14.990 [main] DefaultListableBeanFactory - Creating shared instance of singleton bean 'routerFunctionMapping'
[DEBUG] 2023-10-30 15:57:14.991 [main] DefaultListableBeanFactory - Autowiring by type from bean name 'routerFunctionMapping' via factory method to bean named 'mvcConversionService'
[DEBUG] 2023-10-30 15:57:14.991 [main] DefaultListableBeanFactory - Autowiring by type from bean name 'routerFunctionMapping' via factory method to bean named 'mvcResourceUrlProvider'
[DEBUG] 2023-10-30 15:57:15.007 [main] DefaultListableBeanFactory - Creating shared instance of singleton bean 'resourceHandlerMapping'
[DEBUG] 2023-10-30 15:57:15.010 [main] DefaultListableBeanFactory - Autowiring by type from bean name 'resourceHandlerMapping' via factory method to bean named 'mvcUrlPathHelper'
[DEBUG] 2023-10-30 15:57:15.010 [main] DefaultListableBeanFactory - Autowiring by type from bean name 'resourceHandlerMapping' via factory method to bean named 'mvcPathMatcher'
[DEBUG] 2023-10-30 15:57:15.010 [main] DefaultListableBeanFactory - Autowiring by type from bean name 'resourceHandlerMapping' via factory method to bean named 'mvcContentNegotiationManager'
[DEBUG] 2023-10-30 15:57:15.011 [main] DefaultListableBeanFactory - Autowiring by type from bean name 'resourceHandlerMapping' via factory method to bean named 'mvcConversionService'
[DEBUG] 2023-10-30 15:57:15.011 [main] DefaultListableBeanFactory - Autowiring by type from bean name 'resourceHandlerMapping' via factory method to bean named 'mvcResourceUrlProvider'
[DEBUG] 2023-10-30 15:57:15.026 [main] SimpleUrlHandlerMapping - Patterns [/webjars/**, /**] in 'resourceHandlerMapping'
[DEBUG] 2023-10-30 15:57:15.028 [main] DefaultListableBeanFactory - Creating shared instance of singleton bean 'defaultServletHandlerMapping'
[DEBUG] 2023-10-30 15:57:15.029 [main] DefaultListableBeanFactory - Creating shared instance of singleton bean 'handlerFunctionAdapter'
[DEBUG] 2023-10-30 15:57:15.031 [main] DefaultListableBeanFactory - Creating shared instance of singleton bean 'mvcUriComponentsContributor'
[DEBUG] 2023-10-30 15:57:15.032 [main] DefaultListableBeanFactory - Autowiring by type from bean name 'mvcUriComponentsContributor' via factory method to bean named 'mvcConversionService'
[DEBUG] 2023-10-30 15:57:15.032 [main] DefaultListableBeanFactory - Autowiring by type from bean name 'mvcUriComponentsContributor' via factory method to bean named 'requestMappingHandlerAdapter'
[DEBUG] 2023-10-30 15:57:15.037 [main] DefaultListableBeanFactory - Creating shared instance of singleton bean 'httpRequestHandlerAdapter'
[DEBUG] 2023-10-30 15:57:15.038 [main] DefaultListableBeanFactory - Creating shared instance of singleton bean 'simpleControllerHandlerAdapter'
[DEBUG] 2023-10-30 15:57:15.039 [main] DefaultListableBeanFactory - Creating shared instance of singleton bean 'handlerExceptionResolver'
[DEBUG] 2023-10-30 15:57:15.041 [main] DefaultListableBeanFactory - Autowiring by type from bean name 'handlerExceptionResolver' via factory method to bean named 'mvcContentNegotiationManager'
[DEBUG] 2023-10-30 15:57:15.051 [main] ExceptionHandlerExceptionResolver - ControllerAdvice beans: 0 @ExceptionHandler, 1 ResponseBodyAdvice
[DEBUG] 2023-10-30 15:57:15.057 [main] DefaultListableBeanFactory - Creating shared instance of singleton bean 'mvcViewResolver'
[DEBUG] 2023-10-30 15:57:15.058 [main] DefaultListableBeanFactory - Autowiring by type from bean name 'mvcViewResolver' via factory method to bean named 'mvcContentNegotiationManager'
[DEBUG] 2023-10-30 15:57:15.063 [main] DefaultListableBeanFactory - Creating shared instance of singleton bean 'defaultViewResolver'
[DEBUG] 2023-10-30 15:57:15.066 [main] DefaultListableBeanFactory - Creating shared instance of singleton bean 'viewResolver'
[DEBUG] 2023-10-30 15:57:15.068 [main] DefaultListableBeanFactory - Autowiring by type from bean name 'viewResolver' via factory method to bean named 'org.springframework.beans.factory.support.DefaultListableBeanFactory@59e2d8e3'
[DEBUG] 2023-10-30 15:57:15.071 [main] DefaultListableBeanFactory - Creating shared instance of singleton bean 'org.springframework.boot.autoconfigure.aop.AopAutoConfiguration$ClassProxyingConfiguration'
[DEBUG] 2023-10-30 15:57:15.073 [main] DefaultListableBeanFactory - Autowiring by type from bean name 'org.springframework.boot.autoconfigure.aop.AopAutoConfiguration$ClassProxyingConfiguration' via constructor to bean named 'org.springframework.beans.factory.support.DefaultListableBeanFactory@59e2d8e3'
[DEBUG] 2023-10-30 15:57:15.078 [main] DefaultListableBeanFactory - Creating shared instance of singleton bean 'org.springframework.boot.autoconfigure.aop.AopAutoConfiguration'
[DEBUG] 2023-10-30 15:57:15.078 [main] DefaultListableBeanFactory - Creating shared instance of singleton bean 'org.springframework.boot.autoconfigure.availability.ApplicationAvailabilityAutoConfiguration'
[DEBUG] 2023-10-30 15:57:15.079 [main] DefaultListableBeanFactory - Creating shared instance of singleton bean 'applicationAvailability'
[DEBUG] 2023-10-30 15:57:15.085 [main] DefaultListableBeanFactory - Creating shared instance of singleton bean 'org.springframework.boot.autoconfigure.context.ConfigurationPropertiesAutoConfiguration'
[DEBUG] 2023-10-30 15:57:15.086 [main] DefaultListableBeanFactory - Creating shared instance of singleton bean 'org.springframework.boot.autoconfigure.context.LifecycleAutoConfiguration'
[DEBUG] 2023-10-30 15:57:15.087 [main] DefaultListableBeanFactory - Creating shared instance of singleton bean 'lifecycleProcessor'
[DEBUG] 2023-10-30 15:57:15.093 [main] DefaultListableBeanFactory - Creating shared instance of singleton bean 'spring.lifecycle-org.springframework.boot.autoconfigure.context.LifecycleProperties'
[DEBUG] 2023-10-30 15:57:15.102 [main] DefaultListableBeanFactory - Autowiring by type from bean name 'lifecycleProcessor' via factory method to bean named 'spring.lifecycle-org.springframework.boot.autoconfigure.context.LifecycleProperties'
[DEBUG] 2023-10-30 15:57:15.104 [main] DefaultListableBeanFactory - Creating shared instance of singleton bean 'org.springframework.boot.autoconfigure.http.JacksonHttpMessageConvertersConfiguration'
[DEBUG] 2023-10-30 15:57:15.105 [main] DefaultListableBeanFactory - Creating shared instance of singleton bean 'org.springframework.boot.autoconfigure.info.ProjectInfoAutoConfiguration'
[DEBUG] 2023-10-30 15:57:15.110 [main] DefaultListableBeanFactory - Creating shared instance of singleton bean 'spring.info-org.springframework.boot.autoconfigure.info.ProjectInfoProperties'
[DEBUG] 2023-10-30 15:57:15.112 [main] DefaultListableBeanFactory - Autowiring by type from bean name 'org.springframework.boot.autoconfigure.info.ProjectInfoAutoConfiguration' via constructor to bean named 'spring.info-org.springframework.boot.autoconfigure.info.ProjectInfoProperties'
[DEBUG] 2023-10-30 15:57:15.112 [main] DefaultListableBeanFactory - Creating shared instance of singleton bean 'org.springframework.boot.autoconfigure.security.oauth2.resource.servlet.OAuth2ResourceServerAutoConfiguration'
[DEBUG] 2023-10-30 15:57:15.112 [main] DefaultListableBeanFactory - Creating shared instance of singleton bean 'spring.security.oauth2.resourceserver-org.springframework.boot.autoconfigure.security.oauth2.resource.OAuth2ResourceServerProperties'
[DEBUG] 2023-10-30 15:57:15.115 [main] DefaultListableBeanFactory - Creating shared instance of singleton bean 'org.springframework.boot.autoconfigure.task.TaskSchedulingAutoConfiguration'
[DEBUG] 2023-10-30 15:57:15.120 [main] DefaultListableBeanFactory - Creating shared instance of singleton bean 'taskSchedulerBuilder'
[DEBUG] 2023-10-30 15:57:15.122 [main] DefaultListableBeanFactory - Creating shared instance of singleton bean 'spring.task.scheduling-org.springframework.boot.autoconfigure.task.TaskSchedulingProperties'
[DEBUG] 2023-10-30 15:57:15.126 [main] DefaultListableBeanFactory - Autowiring by type from bean name 'taskSchedulerBuilder' via factory method to bean named 'spring.task.scheduling-org.springframework.boot.autoconfigure.task.TaskSchedulingProperties'
[DEBUG] 2023-10-30 15:57:15.128 [main] DefaultListableBeanFactory - Creating shared instance of singleton bean 'org.springframework.boot.autoconfigure.web.client.RestTemplateAutoConfiguration'
[DEBUG] 2023-10-30 15:57:15.128 [main] DefaultListableBeanFactory - Creating shared instance of singleton bean 'org.springframework.boot.autoconfigure.web.embedded.EmbeddedWebServerFactoryCustomizerAutoConfiguration'
[DEBUG] 2023-10-30 15:57:15.130 [main] DefaultListableBeanFactory - Creating shared instance of singleton bean 'multipartResolver'
[DEBUG] 2023-10-30 15:57:15.163 [main] DefaultLifecycleProcessor - Starting beans in phase 2147483646
[INFO ] 2023-10-30 15:57:15.166 [main] Http11NioProtocol - Starting ProtocolHandler ["http-nio-8080"]
[INFO ] 2023-10-30 15:57:15.200 [main] TomcatWebServer - Tomcat started on port(s): 8080 (http) with context path ''
[DEBUG] 2023-10-30 15:57:15.205 [main] DefaultLifecycleProcessor - Successfully started bean 'webServerStartStop'
[DEBUG] 2023-10-30 15:57:15.207 [main] DefaultLifecycleProcessor - Starting beans in phase 2147483647
[DEBUG] 2023-10-30 15:57:15.207 [main] DefaultLifecycleProcessor - Successfully started bean 'webServerGracefulShutdown'
[INFO ] 2023-10-30 15:57:15.228 [main] BasicSpringSecurityApplication - Started BasicSpringSecurityApplication in 4.169 seconds (JVM running for 5.577)
[DEBUG] 2023-10-30 15:58:29.370 [SpringContextShutdownHook] AnnotationConfigServletWebServerApplicationContext - Closing org.springframework.boot.web.servlet.context.AnnotationConfigServletWebServerApplicationContext@4b0d79fc, started on Mon Oct 30 15:57:11 GMT 2023
[DEBUG] 2023-10-30 15:58:29.381 [SpringContextShutdownHook] DefaultLifecycleProcessor - Stopping beans in phase 2147483647
[DEBUG] 2023-10-30 15:58:29.386 [SpringContextShutdownHook] DefaultLifecycleProcessor - Bean 'webServerGracefulShutdown' completed its stop procedure
[DEBUG] 2023-10-30 15:58:29.387 [SpringContextShutdownHook] DefaultLifecycleProcessor - Stopping beans in phase 2147483646
[DEBUG] 2023-10-30 15:58:29.446 [SpringContextShutdownHook] DefaultLifecycleProcessor - Bean 'webServerStartStop' completed its stop procedure
[INFO ] 2023-10-30 15:58:29.451 [SpringContextShutdownHook] ThreadPoolTaskExecutor - Shutting down ExecutorService 'applicationTaskExecutor'
